# JRE version: Java(TM) SE Runtime Environment (8.0_151-b12) (build 1.8.0_151-b12)
# Java VM: Java HotSpot(TM) 64-Bit Server VM (25.151-b12 mixed mode linux-amd64 compressed oops)
Heap:
 PSYoungGen      total 107520K, used 57344K [0x00000000ec000000, 0x00000000f6f00000, 0x0000000100000000)
  eden space 50176K, 0% used [0x00000000ec000000,0x00000000ec000000,0x00000000ef100000)
  from space 57344K, 100% used [0x00000000ef100000,0x00000000f2900000,0x00000000f2900000)
  to   space 48640K, 0% used [0x00000000f2900000,0x00000000f2900000,0x00000000f5880000)
 ParOldGen       total 226816K, used 171660K [0x00000000c4000000, 0x00000000d1d80000, 0x00000000ec000000)
  object space 226816K, 75% used [0x00000000c4000000,0x00000000ce7a3390,0x00000000d1d80000)
 Metaspace       used 3290K, capacity 4566K, committed 4864K, reserved 1056768K
  class space    used 362K, capacity 390K, committed 512K, reserved 1048576K
GC Heap History (10 events):
Event: 3,947 GC heap after
Heap after GC invocations=5 (full 2):
 PSYoungGen      total 33280K, used 0K [0x00000000ec000000, 0x00000000ef380000, 0x0000000100000000)
  eden space 30720K, 0% used [0x00000000ec000000,0x00000000ec000000,0x00000000ede00000)
  from space 2560K, 0% used [0x00000000ede00000,0x00000000ede00000,0x00000000ee080000)
  to   space 2560K, 0% used [0x00000000ef100000,0x00000000ef100000,0x00000000ef380000)
 ParOldGen       total 124416K, used 59303K [0x00000000c4000000, 0x00000000cb980000, 0x00000000ec000000)
  object space 124416K, 47% used [0x00000000c4000000,0x00000000c79e9f18,0x00000000cb980000)
 Metaspace       used 3290K, capacity 4566K, committed 4864K, reserved 1056768K
  class space    used 362K, capacity 390K, committed 512K, reserved 1048576K
}
Event: 3,960 GC heap before
{Heap before GC invocations=6 (full 2):
 PSYoungGen      total 33280K, used 30720K [0x00000000ec000000, 0x00000000ef380000, 0x0000000100000000)
  eden space 30720K, 100% used [0x00000000ec000000,0x00000000ede00000,0x00000000ede00000)
  from space 2560K, 0% used [0x00000000ede00000,0x00000000ede00000,0x00000000ee080000)
  to   space 2560K, 0% used [0x00000000ef100000,0x00000000ef100000,0x00000000ef380000)
 ParOldGen       total 124416K, used 59303K [0x00000000c4000000, 0x00000000cb980000, 0x00000000ec000000)
  object space 124416K, 47% used [0x00000000c4000000,0x00000000c79e9f18,0x00000000cb980000)
 Metaspace       used 3290K, capacity 4566K, committed 4864K, reserved 1056768K
  class space    used 362K, capacity 390K, committed 512K, reserved 1048576K
Event: 4,096 GC heap after
Heap after GC invocations=6 (full 2):
 PSYoungGen      total 43520K, used 2560K [0x00000000ec000000, 0x00000000ef380000, 0x0000000100000000)
  eden space 40960K, 0% used [0x00000000ec000000,0x00000000ec000000,0x00000000ee800000)
  from space 2560K, 100% used [0x00000000ef100000,0x00000000ef380000,0x00000000ef380000)
  to   space 2560K, 0% used [0x00000000eee80000,0x00000000eee80000,0x00000000ef100000)
 ParOldGen       total 124416K, used 87583K [0x00000000c4000000, 0x00000000cb980000, 0x00000000ec000000)
  object space 124416K, 70% used [0x00000000c4000000,0x00000000c9587f18,0x00000000cb980000)
 Metaspace       used 3290K, capacity 4566K, committed 4864K, reserved 1056768K
  class space    used 362K, capacity 390K, committed 512K, reserved 1048576K
}
Event: 4,120 GC heap before
{Heap before GC invocations=7 (full 2):
 PSYoungGen      total 43520K, used 43520K [0x00000000ec000000, 0x00000000ef380000, 0x0000000100000000)
  eden space 40960K, 100% used [0x00000000ec000000,0x00000000ee800000,0x00000000ee800000)
  from space 2560K, 100% used [0x00000000ef100000,0x00000000ef380000,0x00000000ef380000)
  to   space 2560K, 0% used [0x00000000eee80000,0x00000000eee80000,0x00000000ef100000)
 ParOldGen       total 124416K, used 87583K [0x00000000c4000000, 0x00000000cb980000, 0x00000000ec000000)
  object space 124416K, 70% used [0x00000000c4000000,0x00000000c9587f18,0x00000000cb980000)
 Metaspace       used 3290K, capacity 4566K, committed 4864K, reserved 1056768K
  class space    used 362K, capacity 390K, committed 512K, reserved 1048576K
Event: 4,301 GC heap after
Heap after GC invocations=7 (full 2):
 PSYoungGen      total 50176K, used 2560K [0x00000000ec000000, 0x00000000f5880000, 0x0000000100000000)
  eden space 47616K, 0% used [0x00000000ec000000,0x00000000ec000000,0x00000000eee80000)
  from space 2560K, 100% used [0x00000000eee80000,0x00000000ef100000,0x00000000ef100000)
  to   space 48640K, 0% used [0x00000000f2900000,0x00000000f2900000,0x00000000f5880000)
 ParOldGen       total 130560K, used 128727K [0x00000000c4000000, 0x00000000cbf80000, 0x00000000ec000000)
  object space 130560K, 98% used [0x00000000c4000000,0x00000000cbdb5f18,0x00000000cbf80000)
 Metaspace       used 3290K, capacity 4566K, committed 4864K, reserved 1056768K
  class space    used 362K, capacity 390K, committed 512K, reserved 1048576K
}
Event: 4,301 GC heap before
{Heap before GC invocations=8 (full 3):
 PSYoungGen      total 50176K, used 2560K [0x00000000ec000000, 0x00000000f5880000, 0x0000000100000000)
  eden space 47616K, 0% used [0x00000000ec000000,0x00000000ec000000,0x00000000eee80000)
  from space 2560K, 100% used [0x00000000eee80000,0x00000000ef100000,0x00000000ef100000)
  to   space 48640K, 0% used [0x00000000f2900000,0x00000000f2900000,0x00000000f5880000)
 ParOldGen       total 130560K, used 128727K [0x00000000c4000000, 0x00000000cbf80000, 0x00000000ec000000)
  object space 130560K, 98% used [0x00000000c4000000,0x00000000cbdb5f18,0x00000000cbf80000)
 Metaspace       used 3290K, capacity 4566K, committed 4864K, reserved 1056768K
  class space    used 362K, capacity 390K, committed 512K, reserved 1048576K
Event: 6,525 GC heap after
Heap after GC invocations=8 (full 3):
 PSYoungGen      total 50176K, used 511K [0x00000000ec000000, 0x00000000f5880000, 0x0000000100000000)
  eden space 47616K, 0% used [0x00000000ec000000,0x00000000ec000000,0x00000000eee80000)
  from space 2560K, 19% used [0x00000000eee80000,0x00000000eeeffe00,0x00000000ef100000)
  to   space 48640K, 0% used [0x00000000f2900000,0x00000000f2900000,0x00000000f5880000)
 ParOldGen       total 226816K, used 130468K [0x00000000c4000000, 0x00000000d1d80000, 0x00000000ec000000)
  object space 226816K, 57% used [0x00000000c4000000,0x00000000cbf69390,0x00000000d1d80000)
 Metaspace       used 3290K, capacity 4566K, committed 4864K, reserved 1056768K
  class space    used 362K, capacity 390K, committed 512K, reserved 1048576K
}
Event: 6,606 GC heap before
{Heap before GC invocations=9 (full 3):
 PSYoungGen      total 50176K, used 48127K [0x00000000ec000000, 0x00000000f5880000, 0x0000000100000000)
  eden space 47616K, 100% used [0x00000000ec000000,0x00000000eee80000,0x00000000eee80000)
  from space 2560K, 19% used [0x00000000eee80000,0x00000000eeeffe00,0x00000000ef100000)
  to   space 48640K, 0% used [0x00000000f2900000,0x00000000f2900000,0x00000000f5880000)
 ParOldGen       total 226816K, used 130468K [0x00000000c4000000, 0x00000000d1d80000, 0x00000000ec000000)
  object space 226816K, 57% used [0x00000000c4000000,0x00000000cbf69390,0x00000000d1d80000)
 Metaspace       used 3290K, capacity 4566K, committed 4864K, reserved 1056768K
  class space    used 362K, capacity 390K, committed 512K, reserved 1048576K
Event: 6,879 GC heap after
Heap after GC invocations=9 (full 3):
 PSYoungGen      total 98816K, used 48256K [0x00000000ec000000, 0x00000000f6f00000, 0x0000000100000000)
  eden space 50176K, 0% used [0x00000000ec000000,0x00000000ec000000,0x00000000ef100000)
  from space 48640K, 99% used [0x00000000f2900000,0x00000000f5820000,0x00000000f5880000)
  to   space 57344K, 0% used [0x00000000ef100000,0x00000000ef100000,0x00000000f2900000)
 ParOldGen       total 226816K, used 130468K [0x00000000c4000000, 0x00000000d1d80000, 0x00000000ec000000)
  object space 226816K, 57% used [0x00000000c4000000,0x00000000cbf69390,0x00000000d1d80000)
 Metaspace       used 3290K, capacity 4566K, committed 4864K, reserved 1056768K
  class space    used 362K, capacity 390K, committed 512K, reserved 1048576K
}
Event: 6,915 GC heap before
{Heap before GC invocations=10 (full 3):
 PSYoungGen      total 98816K, used 98432K [0x00000000ec000000, 0x00000000f6f00000, 0x0000000100000000)
  eden space 50176K, 100% used [0x00000000ec000000,0x00000000ef100000,0x00000000ef100000)
  from space 48640K, 99% used [0x00000000f2900000,0x00000000f5820000,0x00000000f5880000)
  to   space 57344K, 0% used [0x00000000ef100000,0x00000000ef100000,0x00000000f2900000)
 ParOldGen       total 226816K, used 130468K [0x00000000c4000000, 0x00000000d1d80000, 0x00000000ec000000)
  object space 226816K, 57% used [0x00000000c4000000,0x00000000cbf69390,0x00000000d1d80000)
 Metaspace       used 3290K, capacity 4566K, committed 4864K, reserved 1056768K
  class space    used 362K, capacity 390K, committed 512K, reserved 1048576K

